<?xml version="1.0" encoding="UTF-8"?>
<!-- Generated by org.testng.reporters.JUnitXMLReporter -->
<testsuite hostname="Fractal-PC" ignored="10" name="Surefire test" tests="6" failures="0" timestamp="06 Jul 2022 16:27:30 GMT" time="16.17" errors="0">
  <testcase name="clickUnclickCheckboxesTest" time="0.255" classname="pageobjectstests.CheckboxesPageTest"/>
  <testcase name="contextClickTest" time="0.285" classname="pageobjectstests.ContextMenuPageTest"/>
  <testcase name="dropDownPageTest" time="0.276" classname="pageobjectstests.DropDownPageTest"/>
  <testcase name="isFileUploadingTest" time="0.452" classname="pageobjectstests.FileUploadPageTest"/>
  <testcase name="moveSliderHorizontallyTest" time="0.564" classname="pageobjectstests.HorizontalSliderPageTest"/>
  <testcase name="hoverOverProfileAndClickTest" time="0.412" classname="pageobjectstests.HoversPageTest"/>
  <testcase name="@BeforeSuite extentSetup" time="0.0" classname="browserdriver.BrowserDriver">
    <ignored/>
  </testcase> <!-- @BeforeSuite extentSetup -->
  <testcase name="@BeforeSuite extentSetup" time="0.0" classname="browserdriver.BrowserDriver">
    <ignored/>
  </testcase> <!-- @BeforeSuite extentSetup -->
  <testcase name="@BeforeSuite extentSetup" time="0.0" classname="browserdriver.BrowserDriver">
    <ignored/>
  </testcase> <!-- @BeforeSuite extentSetup -->
  <testcase name="@BeforeSuite extentSetup" time="0.0" classname="browserdriver.BrowserDriver">
    <ignored/>
  </testcase> <!-- @BeforeSuite extentSetup -->
  <testcase name="@BeforeSuite extentSetup" time="0.0" classname="browserdriver.BrowserDriver">
    <ignored/>
  </testcase> <!-- @BeforeSuite extentSetup -->
  <testcase name="@AfterSuite generateReport" time="0.0" classname="browserdriver.BrowserDriver">
    <ignored/>
  </testcase> <!-- @AfterSuite generateReport -->
  <testcase name="@AfterSuite generateReport" time="0.0" classname="browserdriver.BrowserDriver">
    <ignored/>
  </testcase> <!-- @AfterSuite generateReport -->
  <testcase name="@AfterSuite generateReport" time="0.0" classname="browserdriver.BrowserDriver">
    <ignored/>
  </testcase> <!-- @AfterSuite generateReport -->
  <testcase name="@AfterSuite generateReport" time="0.0" classname="browserdriver.BrowserDriver">
    <ignored/>
  </testcase> <!-- @AfterSuite generateReport -->
  <testcase name="@AfterSuite generateReport" time="0.0" classname="browserdriver.BrowserDriver">
    <ignored/>
  </testcase> <!-- @AfterSuite generateReport -->
</testsuite> <!-- Surefire test -->
