<?xml version="1.0" encoding="UTF-8"?>
<testng-results skipped="0" failed="0" ignored="10" total="16" passed="6">
  <reporter-output>
    <line>
      <![CDATA[Extent Report DirectoryC:\Users\QAAEB2201\IdeaProjects\B2201WebAutomationFrameworkReview\herokuapp\target\surefire-reports\html]]>
    </line>
  </reporter-output>
  <suite name="Surefire suite" duration-ms="16170" started-at="2022-07-06T16:27:14Z" finished-at="2022-07-06T16:27:30Z">
    <groups>
    </groups>
    <test name="Surefire test" duration-ms="16170" started-at="2022-07-06T16:27:14Z" finished-at="2022-07-06T16:27:30Z">
      <class name="pageobjectstests.HoversPageTest">
        <test-method status="PASS" signature="setUp()[pri:0, instance:pageobjectstests.HoversPageTest@36d4b5c]" name="setUp" is-config="true" duration-ms="1760" started-at="2022-07-06T16:27:28Z" finished-at="2022-07-06T16:27:29Z">
          <reporter-output>
          </reporter-output>
        </test-method> <!-- setUp -->
        <test-method status="PASS" signature="startExtent(java.lang.reflect.Method)[pri:0, instance:pageobjectstests.HoversPageTest@36d4b5c]" name="startExtent" is-config="true" duration-ms="0" started-at="2022-07-06T16:27:29Z" finished-at="2022-07-06T16:27:29Z">
          <params>
            <param index="0">
              <value>
                <![CDATA[public void pageobjectstests.HoversPageTest.hoverOverProfileAndClickTest()]]>
              </value>
            </param>
          </params>
          <reporter-output>
          </reporter-output>
        </test-method> <!-- startExtent -->
        <test-method status="PASS" signature="initializeElements()[pri:0, instance:pageobjectstests.HoversPageTest@36d4b5c]" name="initializeElements" is-config="true" duration-ms="2" started-at="2022-07-06T16:27:29Z" finished-at="2022-07-06T16:27:29Z">
          <reporter-output>
          </reporter-output>
        </test-method> <!-- initializeElements -->
        <test-method status="PASS" signature="hoverOverProfileAndClickTest()[pri:0, instance:pageobjectstests.HoversPageTest@36d4b5c]" name="hoverOverProfileAndClickTest" duration-ms="412" started-at="2022-07-06T16:27:29Z" finished-at="2022-07-06T16:27:30Z">
          <reporter-output>
          </reporter-output>
        </test-method> <!-- hoverOverProfileAndClickTest -->
        <test-method status="PASS" signature="afterEachTestMethod(org.testng.ITestResult)[pri:0, instance:pageobjectstests.HoversPageTest@36d4b5c]" name="afterEachTestMethod" is-config="true" duration-ms="583" started-at="2022-07-06T16:27:30Z" finished-at="2022-07-06T16:27:30Z">
          <params>
            <param index="0">
              <value>
                <![CDATA[[TestResult name=hoverOverProfileAndClickTest status=SUCCESS method=HoversPageTest.hoverOverProfileAndClickTest()[pri:0, instance:pageobjectstests.HoversPageTest@36d4b5c] output={null}]]]>
              </value>
            </param>
          </params>
          <reporter-output>
          </reporter-output>
        </test-method> <!-- afterEachTestMethod -->
        <test-method status="PASS" signature="cleanUP()[pri:0, instance:pageobjectstests.HoversPageTest@36d4b5c]" name="cleanUP" is-config="true" duration-ms="0" started-at="2022-07-06T16:27:30Z" finished-at="2022-07-06T16:27:30Z">
          <reporter-output>
          </reporter-output>
        </test-method> <!-- cleanUP -->
      </class> <!-- pageobjectstests.HoversPageTest -->
      <class name="pageobjectstests.HorizontalSliderPageTest">
        <test-method status="PASS" signature="setUp()[pri:0, instance:pageobjectstests.HorizontalSliderPageTest@2ef5e5e3]" name="setUp" is-config="true" duration-ms="1571" started-at="2022-07-06T16:27:25Z" finished-at="2022-07-06T16:27:26Z">
          <reporter-output>
          </reporter-output>
        </test-method> <!-- setUp -->
        <test-method status="PASS" signature="startExtent(java.lang.reflect.Method)[pri:0, instance:pageobjectstests.HorizontalSliderPageTest@2ef5e5e3]" name="startExtent" is-config="true" duration-ms="1" started-at="2022-07-06T16:27:26Z" finished-at="2022-07-06T16:27:26Z">
          <params>
            <param index="0">
              <value>
                <![CDATA[public void pageobjectstests.HorizontalSliderPageTest.moveSliderHorizontallyTest()]]>
              </value>
            </param>
          </params>
          <reporter-output>
          </reporter-output>
        </test-method> <!-- startExtent -->
        <test-method status="PASS" signature="initializeElements()[pri:0, instance:pageobjectstests.HorizontalSliderPageTest@2ef5e5e3]" name="initializeElements" is-config="true" duration-ms="1" started-at="2022-07-06T16:27:26Z" finished-at="2022-07-06T16:27:26Z">
          <reporter-output>
          </reporter-output>
        </test-method> <!-- initializeElements -->
        <test-method status="PASS" signature="moveSliderHorizontallyTest()[pri:0, instance:pageobjectstests.HorizontalSliderPageTest@2ef5e5e3]" name="moveSliderHorizontallyTest" duration-ms="564" started-at="2022-07-06T16:27:26Z" finished-at="2022-07-06T16:27:27Z">
          <reporter-output>
          </reporter-output>
        </test-method> <!-- moveSliderHorizontallyTest -->
        <test-method status="PASS" signature="afterEachTestMethod(org.testng.ITestResult)[pri:0, instance:pageobjectstests.HorizontalSliderPageTest@2ef5e5e3]" name="afterEachTestMethod" is-config="true" duration-ms="580" started-at="2022-07-06T16:27:27Z" finished-at="2022-07-06T16:27:28Z">
          <params>
            <param index="0">
              <value>
                <![CDATA[[TestResult name=moveSliderHorizontallyTest status=SUCCESS method=HorizontalSliderPageTest.moveSliderHorizontallyTest()[pri:0, instance:pageobjectstests.HorizontalSliderPageTest@2ef5e5e3] output={null}]]]>
              </value>
            </param>
          </params>
          <reporter-output>
          </reporter-output>
        </test-method> <!-- afterEachTestMethod -->
        <test-method status="PASS" signature="cleanUP()[pri:0, instance:pageobjectstests.HorizontalSliderPageTest@2ef5e5e3]" name="cleanUP" is-config="true" duration-ms="0" started-at="2022-07-06T16:27:28Z" finished-at="2022-07-06T16:27:28Z">
          <reporter-output>
          </reporter-output>
        </test-method> <!-- cleanUP -->
      </class> <!-- pageobjectstests.HorizontalSliderPageTest -->
      <class name="pageobjectstests.DropDownPageTest">
        <test-method status="PASS" signature="setUp()[pri:0, instance:pageobjectstests.DropDownPageTest@100fc185]" name="setUp" is-config="true" duration-ms="1657" started-at="2022-07-06T16:27:20Z" finished-at="2022-07-06T16:27:21Z">
          <reporter-output>
          </reporter-output>
        </test-method> <!-- setUp -->
        <test-method status="PASS" signature="startExtent(java.lang.reflect.Method)[pri:0, instance:pageobjectstests.DropDownPageTest@100fc185]" name="startExtent" is-config="true" duration-ms="0" started-at="2022-07-06T16:27:21Z" finished-at="2022-07-06T16:27:21Z">
          <params>
            <param index="0">
              <value>
                <![CDATA[public void pageobjectstests.DropDownPageTest.dropDownPageTest()]]>
              </value>
            </param>
          </params>
          <reporter-output>
          </reporter-output>
        </test-method> <!-- startExtent -->
        <test-method status="PASS" signature="InitializeElements()[pri:0, instance:pageobjectstests.DropDownPageTest@100fc185]" name="InitializeElements" is-config="true" duration-ms="1" started-at="2022-07-06T16:27:21Z" finished-at="2022-07-06T16:27:21Z">
          <reporter-output>
          </reporter-output>
        </test-method> <!-- InitializeElements -->
        <test-method status="PASS" signature="dropDownPageTest()[pri:0, instance:pageobjectstests.DropDownPageTest@100fc185]" name="dropDownPageTest" duration-ms="276" started-at="2022-07-06T16:27:21Z" finished-at="2022-07-06T16:27:22Z">
          <reporter-output>
          </reporter-output>
        </test-method> <!-- dropDownPageTest -->
        <test-method status="PASS" signature="afterEachTestMethod(org.testng.ITestResult)[pri:0, instance:pageobjectstests.DropDownPageTest@100fc185]" name="afterEachTestMethod" is-config="true" duration-ms="599" started-at="2022-07-06T16:27:22Z" finished-at="2022-07-06T16:27:22Z">
          <params>
            <param index="0">
              <value>
                <![CDATA[[TestResult name=dropDownPageTest status=SUCCESS method=DropDownPageTest.dropDownPageTest()[pri:0, instance:pageobjectstests.DropDownPageTest@100fc185] output={null}]]]>
              </value>
            </param>
          </params>
          <reporter-output>
          </reporter-output>
        </test-method> <!-- afterEachTestMethod -->
        <test-method status="PASS" signature="cleanUP()[pri:0, instance:pageobjectstests.DropDownPageTest@100fc185]" name="cleanUP" is-config="true" duration-ms="0" started-at="2022-07-06T16:27:22Z" finished-at="2022-07-06T16:27:22Z">
          <reporter-output>
          </reporter-output>
        </test-method> <!-- cleanUP -->
      </class> <!-- pageobjectstests.DropDownPageTest -->
      <class name="pageobjectstests.CheckboxesPageTest">
        <test-method status="PASS" signature="extentSetup(org.testng.ITestContext)[pri:0, instance:pageobjectstests.CheckboxesPageTest@6cc4c815]" name="extentSetup" is-config="true" duration-ms="156" started-at="2022-07-06T16:27:14Z" finished-at="2022-07-06T16:27:14Z">
          <params>
            <param index="0">
              <value>
                <![CDATA[org.testng.TestRunner@58cd06cb]]>
              </value>
            </param>
          </params>
          <reporter-output>
            <line>
              <![CDATA[Extent Report DirectoryC:\Users\QAAEB2201\IdeaProjects\B2201WebAutomationFrameworkReview\herokuapp\target\surefire-reports\html]]>
            </line>
          </reporter-output>
        </test-method> <!-- extentSetup -->
        <test-method status="PASS" signature="setUp()[pri:0, instance:pageobjectstests.CheckboxesPageTest@6cc4c815]" name="setUp" is-config="true" duration-ms="2218" started-at="2022-07-06T16:27:14Z" finished-at="2022-07-06T16:27:16Z">
          <reporter-output>
          </reporter-output>
        </test-method> <!-- setUp -->
        <test-method status="PASS" signature="startExtent(java.lang.reflect.Method)[pri:0, instance:pageobjectstests.CheckboxesPageTest@6cc4c815]" name="startExtent" is-config="true" duration-ms="5" started-at="2022-07-06T16:27:16Z" finished-at="2022-07-06T16:27:16Z">
          <params>
            <param index="0">
              <value>
                <![CDATA[public void pageobjectstests.CheckboxesPageTest.clickUnclickCheckboxesTest()]]>
              </value>
            </param>
          </params>
          <reporter-output>
          </reporter-output>
        </test-method> <!-- startExtent -->
        <test-method status="PASS" signature="initializeElements()[pri:0, instance:pageobjectstests.CheckboxesPageTest@6cc4c815]" name="initializeElements" is-config="true" duration-ms="25" started-at="2022-07-06T16:27:16Z" finished-at="2022-07-06T16:27:16Z">
          <reporter-output>
          </reporter-output>
        </test-method> <!-- initializeElements -->
        <test-method status="PASS" signature="clickUnclickCheckboxesTest()[pri:0, instance:pageobjectstests.CheckboxesPageTest@6cc4c815]" name="clickUnclickCheckboxesTest" duration-ms="255" started-at="2022-07-06T16:27:16Z" finished-at="2022-07-06T16:27:17Z">
          <reporter-output>
          </reporter-output>
        </test-method> <!-- clickUnclickCheckboxesTest -->
        <test-method status="PASS" signature="afterEachTestMethod(org.testng.ITestResult)[pri:0, instance:pageobjectstests.CheckboxesPageTest@6cc4c815]" name="afterEachTestMethod" is-config="true" duration-ms="814" started-at="2022-07-06T16:27:17Z" finished-at="2022-07-06T16:27:18Z">
          <params>
            <param index="0">
              <value>
                <![CDATA[[TestResult name=clickUnclickCheckboxesTest status=SUCCESS method=CheckboxesPageTest.clickUnclickCheckboxesTest()[pri:0, instance:pageobjectstests.CheckboxesPageTest@6cc4c815] output={null}]]]>
              </value>
            </param>
          </params>
          <reporter-output>
          </reporter-output>
        </test-method> <!-- afterEachTestMethod -->
        <test-method status="PASS" signature="cleanUP()[pri:0, instance:pageobjectstests.CheckboxesPageTest@6cc4c815]" name="cleanUP" is-config="true" duration-ms="0" started-at="2022-07-06T16:27:18Z" finished-at="2022-07-06T16:27:18Z">
          <reporter-output>
          </reporter-output>
        </test-method> <!-- cleanUP -->
        <test-method status="PASS" signature="generateReport()[pri:0, instance:pageobjectstests.CheckboxesPageTest@6cc4c815]" name="generateReport" is-config="true" duration-ms="16" started-at="2022-07-06T16:27:30Z" finished-at="2022-07-06T16:27:30Z">
          <reporter-output>
          </reporter-output>
        </test-method> <!-- generateReport -->
      </class> <!-- pageobjectstests.CheckboxesPageTest -->
      <class name="pageobjectstests.FileUploadPageTest">
        <test-method status="PASS" signature="setUp()[pri:0, instance:pageobjectstests.FileUploadPageTest@643b1d11]" name="setUp" is-config="true" duration-ms="1474" started-at="2022-07-06T16:27:22Z" finished-at="2022-07-06T16:27:24Z">
          <reporter-output>
          </reporter-output>
        </test-method> <!-- setUp -->
        <test-method status="PASS" signature="startExtent(java.lang.reflect.Method)[pri:0, instance:pageobjectstests.FileUploadPageTest@643b1d11]" name="startExtent" is-config="true" duration-ms="1" started-at="2022-07-06T16:27:24Z" finished-at="2022-07-06T16:27:24Z">
          <params>
            <param index="0">
              <value>
                <![CDATA[public void pageobjectstests.FileUploadPageTest.isFileUploadingTest()]]>
              </value>
            </param>
          </params>
          <reporter-output>
          </reporter-output>
        </test-method> <!-- startExtent -->
        <test-method status="PASS" signature="initializeElements()[pri:0, instance:pageobjectstests.FileUploadPageTest@643b1d11]" name="initializeElements" is-config="true" duration-ms="1" started-at="2022-07-06T16:27:24Z" finished-at="2022-07-06T16:27:24Z">
          <reporter-output>
          </reporter-output>
        </test-method> <!-- initializeElements -->
        <test-method status="PASS" signature="isFileUploadingTest()[pri:0, instance:pageobjectstests.FileUploadPageTest@643b1d11]" name="isFileUploadingTest" duration-ms="452" started-at="2022-07-06T16:27:24Z" finished-at="2022-07-06T16:27:24Z">
          <reporter-output>
          </reporter-output>
        </test-method> <!-- isFileUploadingTest -->
        <test-method status="PASS" signature="afterEachTestMethod(org.testng.ITestResult)[pri:0, instance:pageobjectstests.FileUploadPageTest@643b1d11]" name="afterEachTestMethod" is-config="true" duration-ms="597" started-at="2022-07-06T16:27:24Z" finished-at="2022-07-06T16:27:25Z">
          <params>
            <param index="0">
              <value>
                <![CDATA[[TestResult name=isFileUploadingTest status=SUCCESS method=FileUploadPageTest.isFileUploadingTest()[pri:0, instance:pageobjectstests.FileUploadPageTest@643b1d11] output={null}]]]>
              </value>
            </param>
          </params>
          <reporter-output>
          </reporter-output>
        </test-method> <!-- afterEachTestMethod -->
        <test-method status="PASS" signature="cleanUP()[pri:0, instance:pageobjectstests.FileUploadPageTest@643b1d11]" name="cleanUP" is-config="true" duration-ms="0" started-at="2022-07-06T16:27:25Z" finished-at="2022-07-06T16:27:25Z">
          <reporter-output>
          </reporter-output>
        </test-method> <!-- cleanUP -->
      </class> <!-- pageobjectstests.FileUploadPageTest -->
      <class name="pageobjectstests.ContextMenuPageTest">
        <test-method status="PASS" signature="setUp()[pri:0, instance:pageobjectstests.ContextMenuPageTest@3a82f6ef]" name="setUp" is-config="true" duration-ms="1423" started-at="2022-07-06T16:27:18Z" finished-at="2022-07-06T16:27:19Z">
          <reporter-output>
          </reporter-output>
        </test-method> <!-- setUp -->
        <test-method status="PASS" signature="startExtent(java.lang.reflect.Method)[pri:0, instance:pageobjectstests.ContextMenuPageTest@3a82f6ef]" name="startExtent" is-config="true" duration-ms="0" started-at="2022-07-06T16:27:19Z" finished-at="2022-07-06T16:27:19Z">
          <params>
            <param index="0">
              <value>
                <![CDATA[public void pageobjectstests.ContextMenuPageTest.contextClickTest()]]>
              </value>
            </param>
          </params>
          <reporter-output>
          </reporter-output>
        </test-method> <!-- startExtent -->
        <test-method status="PASS" signature="initializeElements()[pri:0, instance:pageobjectstests.ContextMenuPageTest@3a82f6ef]" name="initializeElements" is-config="true" duration-ms="2" started-at="2022-07-06T16:27:19Z" finished-at="2022-07-06T16:27:19Z">
          <reporter-output>
          </reporter-output>
        </test-method> <!-- initializeElements -->
        <test-method status="PASS" signature="contextClickTest()[pri:0, instance:pageobjectstests.ContextMenuPageTest@3a82f6ef]" name="contextClickTest" duration-ms="285" started-at="2022-07-06T16:27:19Z" finished-at="2022-07-06T16:27:19Z">
          <reporter-output>
          </reporter-output>
        </test-method> <!-- contextClickTest -->
        <test-method status="PASS" signature="afterEachTestMethod(org.testng.ITestResult)[pri:0, instance:pageobjectstests.ContextMenuPageTest@3a82f6ef]" name="afterEachTestMethod" is-config="true" duration-ms="595" started-at="2022-07-06T16:27:19Z" finished-at="2022-07-06T16:27:20Z">
          <params>
            <param index="0">
              <value>
                <![CDATA[[TestResult name=contextClickTest status=SUCCESS method=ContextMenuPageTest.contextClickTest()[pri:0, instance:pageobjectstests.ContextMenuPageTest@3a82f6ef] output={null}]]]>
              </value>
            </param>
          </params>
          <reporter-output>
          </reporter-output>
        </test-method> <!-- afterEachTestMethod -->
        <test-method status="PASS" signature="cleanUP()[pri:0, instance:pageobjectstests.ContextMenuPageTest@3a82f6ef]" name="cleanUP" is-config="true" duration-ms="0" started-at="2022-07-06T16:27:20Z" finished-at="2022-07-06T16:27:20Z">
          <reporter-output>
          </reporter-output>
        </test-method> <!-- cleanUP -->
      </class> <!-- pageobjectstests.ContextMenuPageTest -->
    </test> <!-- Surefire test -->
  </suite> <!-- Surefire suite -->
</testng-results>
